<?xml version="1.0" encoding="UTF-8"?>
<!-- Generated by org.testng.reporters.JUnitReportReporter -->
<testsuite skipped="0" hostname="Ezequiels-MacBook-Pro.local" name="com.tests.Login" tests="1" failures="0" timestamp="27 Mar 2018 17:34:17 GMT" time="1.668" errors="0">
  <testcase name="login" time="1.668" classname="com.tests.Login"/>
</testsuite> <!-- com.tests.Login -->
